<?xml version="1.0" encoding="UTF-8"?>
<!-- Generated by org.testng.reporters.JUnitReportReporter -->
<testsuite hostname="DESKTOP-323PJCK" failures="0" tests="3" name="practice.SampleTest" time="0.018" errors="0" timestamp="2022-06-03T04:52:03 PDT" skipped="0">
  <testcase classname="practice.SampleTest" name="modifyContactTest" time="0.004"/>
  <system-out>
    <![CDATA[Contact modified]]>
  </system-out>
  <testcase classname="practice.SampleTest" name="createContactTest" time="0.003"/>
  <system-out>
    <![CDATA[Contact created]]>
  </system-out>
  <testcase classname="practice.SampleTest" name="deleteContactTest" time="0.011"/>
  <system-out>
    <![CDATA[Contact deleteed]]>
  </system-out>
</testsuite> <!-- practice.SampleTest -->
