<?xml version="1.0" encoding="UTF-8"?>
<!-- Generated by org.testng.reporters.JUnitReportReporter -->
<testsuite hostname="DESKTOP-323PJCK" failures="0" tests="2" name="practice.DemoGride" time="157.123" errors="0" timestamp="2022-06-07T05:05:16 PDT" skipped="0">
  <testcase classname="practice.DemoGride" name="sampleTest" time="76.755"/>
  <system-out/>
  <testcase classname="practice.DemoGride" name="sampleTest" time="80.368"/>
  <system-out/>
</testsuite> <!-- practice.DemoGride -->
